<?xml version="1.0" encoding="utf-8"?><testsuites><testsuite name="pytest" errors="0" failures="0" skipped="2" tests="8" time="0.745" timestamp="2022-09-01T17:19:27.499390" hostname="abigeev"><testcase classname="test_1.TestAuthApi" name="test_create_user_1" file="test_1.py" line="49" time="0.001"><skipped type="pytest.skip" message="SQL Latecy problem">D:\Programming\Python\Projects\web_scanner\web_scanner_server\test_1.py:50: SQL Latecy problem</skipped><system-out>--------------------------------- Captured Log ---------------------------------

--------------------------------- Captured Out ---------------------------------

</system-out><system-err>--------------------------------- Captured Err ---------------------------------

</system-err><system-out>--------------------------------- Captured Log ---------------------------------

--------------------------------- Captured Out ---------------------------------

</system-out><system-err>--------------------------------- Captured Err ---------------------------------

</system-err></testcase><testcase classname="test_1.TestAuthApi" name="test_create_user_2" file="test_1.py" line="60" time="0.072"><system-out>--------------------------------- Captured Log ---------------------------------

--------------------------------- Captured Out ---------------------------------

</system-out><system-err>--------------------------------- Captured Err ---------------------------------

</system-err></testcase><testcase classname="test_1.TestAuthApi" name="test_create_user_3" file="test_1.py" line="70" time="0.035"><system-out>--------------------------------- Captured Log ---------------------------------

--------------------------------- Captured Out ---------------------------------

</system-out><system-err>--------------------------------- Captured Err ---------------------------------

</system-err></testcase><testcase classname="test_1.TestAuthApi" name="test_delete_user_3" file="test_1.py" line="80" time="0.001"><skipped type="pytest.skip" message="SQL Latecy problem">D:\Programming\Python\Projects\web_scanner\web_scanner_server\test_1.py:81: SQL Latecy problem</skipped><system-out>--------------------------------- Captured Log ---------------------------------

--------------------------------- Captured Out ---------------------------------

</system-out><system-err>--------------------------------- Captured Err ---------------------------------

</system-err><system-out>--------------------------------- Captured Log ---------------------------------

--------------------------------- Captured Out ---------------------------------

</system-out><system-err>--------------------------------- Captured Err ---------------------------------

</system-err></testcase><testcase classname="test_1.TestAuthApi" name="test_get_token_1" file="test_1.py" line="26" time="0.031"><system-out>--------------------------------- Captured Log ---------------------------------

--------------------------------- Captured Out ---------------------------------

</system-out><system-err>--------------------------------- Captured Err ---------------------------------

</system-err></testcase><testcase classname="test_1.TestAuthApi" name="test_get_token_2" file="test_1.py" line="32" time="0.031"><system-out>--------------------------------- Captured Log ---------------------------------

--------------------------------- Captured Out ---------------------------------

</system-out><system-err>--------------------------------- Captured Err ---------------------------------

</system-err></testcase><testcase classname="test_1.TestAuthApi" name="test_get_token_3" file="test_1.py" line="37" time="0.007"><system-out>--------------------------------- Captured Log ---------------------------------

--------------------------------- Captured Out ---------------------------------

</system-out><system-err>--------------------------------- Captured Err ---------------------------------

</system-err></testcase><testcase classname="test_1.TestAuthApi" name="test_get_token_4" file="test_1.py" line="42" time="0.006"><system-out>--------------------------------- Captured Log ---------------------------------

--------------------------------- Captured Out ---------------------------------

</system-out><system-err>--------------------------------- Captured Err ---------------------------------

</system-err></testcase></testsuite></testsuites>